<?xml version="1.0" encoding="UTF-8"?>
<!-- Generated by org.testng.reporters.JUnitReportReporter -->
<testsuite skipped="0" hostname="DESKTOP-48KVGPF" name="com.capsulecrm.qa.testcases.AddPerson_Test" tests="1" failures="0" timestamp="01 Jun 2019 20:09:26 GMT" time="9.355" errors="0">
  <testcase name="addNewPerson" time="9.355" classname="com.capsulecrm.qa.testcases.AddPerson_Test"/>
</testsuite> <!-- com.capsulecrm.qa.testcases.AddPerson_Test -->
