<?xml version="1.0" encoding="UTF-8"?>
<!-- Generated by org.testng.reporters.JUnitReportReporter -->
<testsuite skipped="0" hostname="DESKTOP-48KVGPF" name="com.capsulecrm.qa.testcases.AddPerson_Test" tests="2" failures="0" timestamp="04 Jun 2019 17:30:05 GMT" time="18.556" errors="0">
  <testcase name="addNewPerson" time="8.856" classname="com.capsulecrm.qa.testcases.AddPerson_Test"/>
  <testcase name="addNewCase" time="9.700" classname="com.capsulecrm.qa.testcases.AddPerson_Test"/>
</testsuite> <!-- com.capsulecrm.qa.testcases.AddPerson_Test -->
