<?xml version="1.0" encoding="UTF-8"?>
<!-- Generated by org.testng.reporters.JUnitReportReporter -->
<testsuite skipped="0" hostname="Homebits-MacBook-Pro-4.local" name="com.capsulecrm.qa.testcases.TestRun" tests="1" failures="0" timestamp="30 May 2019 11:41:49 GMT" time="7.583" errors="0">
  <testcase name="testRun" time="7.583" classname="com.capsulecrm.qa.testcases.TestRun"/>
</testsuite> <!-- com.capsulecrm.qa.testcases.TestRun -->
