<?xml version="1.0" encoding="UTF-8"?>
<!-- Generated by org.testng.reporters.JUnitReportReporter -->
<testsuite skipped="0" hostname="DESKTOP-48KVGPF" name="com.capsulecrm.qa.testcases.TestRun" tests="2" failures="0" timestamp="04 Jun 2019 17:30:05 GMT" time="11.427" errors="0">
  <testcase name="testRun" time="5.063" classname="com.capsulecrm.qa.testcases.TestRun"/>
  <testcase name="robotClass" time="6.364" classname="com.capsulecrm.qa.testcases.TestRun"/>
</testsuite> <!-- com.capsulecrm.qa.testcases.TestRun -->
