<?xml version="1.0" encoding="UTF-8"?>
<!-- Generated by org.testng.reporters.JUnitReportReporter -->
<testsuite skipped="0" hostname="DESKTOP-48KVGPF" name="com.capsulecrm.qa.testcases.AddPerson_Test" tests="1" failures="0" timestamp="03 Jun 2019 18:02:17 GMT" time="9.152" errors="0">
  <testcase name="addNewCase" time="9.152" classname="com.capsulecrm.qa.testcases.AddPerson_Test"/>
</testsuite> <!-- com.capsulecrm.qa.testcases.AddPerson_Test -->
