<?xml version="1.0" encoding="UTF-8"?>
<!-- Generated by org.testng.reporters.JUnitReportReporter -->
<testsuite skipped="0" hostname="Girish" name="com.capsulecrm.qa.testcases.TestRun" tests="1" failures="0" timestamp="28 May 2019 06:44:30 GMT" time="0.010" errors="0">
  <testcase name="testRun" time="0.010" classname="com.capsulecrm.qa.testcases.TestRun"/>
</testsuite> <!-- com.capsulecrm.qa.testcases.TestRun -->
