<?xml version="1.0" encoding="UTF-8"?>
<!-- Generated by org.testng.reporters.JUnitReportReporter -->
<testsuite skipped="0" hostname="DESKTOP-48KVGPF" name="com.capsulecrm.qa.testcases.LoginPage_Test" tests="1" failures="0" timestamp="04 Jun 2019 17:30:05 GMT" time="8.368" errors="0">
  <testcase name="loginTest" time="8.368" classname="com.capsulecrm.qa.testcases.LoginPage_Test"/>
</testsuite> <!-- com.capsulecrm.qa.testcases.LoginPage_Test -->
