<?xml version="1.0" encoding="UTF-8"?>
<!-- Generated by org.testng.reporters.JUnitReportReporter -->
<testsuite skipped="0" hostname="DESKTOP-48KVGPF" name="com.capsulecrm.qa.testcases.TestRun" tests="1" failures="0" timestamp="31 May 2019 06:04:41 GMT" time="5.803" errors="0">
  <testcase name="testRun" time="5.803" classname="com.capsulecrm.qa.testcases.TestRun"/>
</testsuite> <!-- com.capsulecrm.qa.testcases.TestRun -->
