<?xml version="1.0" encoding="UTF-8"?>
<!-- Generated by org.testng.reporters.JUnitReportReporter -->
<testsuite skipped="0" hostname="DESKTOP-48KVGPF" name="com.capsulecrm.qa.testcases.AddPerson_Test" tests="1" failures="0" timestamp="01 Jun 2019 07:47:25 GMT" time="7.763" errors="0">
  <testcase name="addNewPerson" time="7.763" classname="com.capsulecrm.qa.testcases.AddPerson_Test"/>
</testsuite> <!-- com.capsulecrm.qa.testcases.AddPerson_Test -->
